C51 COMPILER V9.54   MAIN                                                                  10/03/2023 21:42:48 PAGE 1   


C51 COMPILER V9.54, COMPILATION OF MODULE MAIN
OBJECT MODULE PLACED IN .\Objects\main.obj
COMPILER INVOKED BY: D:\Professional_software\Keil5\C51\BIN\C51.EXE main.c OPTIMIZE(8,SPEED) BROWSE DEBUG OBJECTEXTEND P
                    -RINT(.\Listings\main.lst) OBJECT(.\Objects\main.obj)

line level    source

   1          #include <REGX52.H>
   2          #include <INTRINS.H>
   3          #include "LCD1602.H"
   4          #include "sr04.h"
   5          #include "function.h"
   6          
   7          void main(){
   8   1              int num,t,i;
   9   1              char str[6];
  10   1              sr04_init();LCD_Init();
  11   1              
  12   1              LCD_ShowString(1,1,"length:");LCD_ShowString(2,6,"cm");
  13   1              while(1){
  14   2                      num = (int)(Sr04_Measure()*10);
  15   2      //              LCD_ShowNum(1,1,num,5);
  16   2                      str[0] = num/1000+0x30; //百位数字
  17   2                      str[1] = num%1000/100+0x30; //十位数字
  18   2                      t = str[1]-0x30;
  19   2                      str[2] = num%1000%100/10+0x30; //个位数字
  20   2                      t = t*10+(str[2]-0x30);
  21   2                      str[3] = '.';
  22   2                      str[4] = num%10+0x30; //保留一位小数
  23   2                      str[5] = '\0';
  24   2                      LCD_ShowString(2,1,str);
  25   2                      if(!(str[0]-0x30) && str[1]-0x30<8){
  26   3                              Buzzer_Time(50);
  27   3                              Delay(t*20);
  28   3                      }
  29   2              }
  30   1      }
*** WARNING C280 IN LINE 8 OF main.c: 'i': unreferenced local variable


MODULE INFORMATION:   STATIC OVERLAYABLE
   CODE SIZE        =    253    ----
   CONSTANT SIZE    =     11    ----
   XDATA SIZE       =   ----    ----
   PDATA SIZE       =   ----    ----
   DATA SIZE        =   ----      12
   IDATA SIZE       =   ----    ----
   BIT SIZE         =   ----    ----
END OF MODULE INFORMATION.


C51 COMPILATION COMPLETE.  1 WARNING(S),  0 ERROR(S)
